d:\vsproject\dc3pp_cn\dc3pp_cn\dc3wy\vc141.pdb
d:\vsproject\dc3pp_cn\dc3pp_cn\dc3wy\beaengine.obj
d:\vsproject\dc3pp_cn\dc3pp_cn\dc3wy\dc3pp.obj
d:\vsproject\dc3pp_cn\dc3pp_cn\dc3wy\lolihook.obj
d:\vsproject\dc3pp_cn\dc3pp_cn\dc3wy\dc3wy.obj
c:\users\itsukezigen\desktop\dc3pp_cn\dc3pp_cn\dc3wy\vc143.pdb
c:\users\itsukezigen\desktop\dc3pp_cn\dc3pp_cn\dc3wy\lolihook.obj
c:\users\itsukezigen\desktop\dc3pp_cn\dc3pp_cn\dc3wy\dc3wy.obj
c:\users\itsukezigen\desktop\dc3pp_cn\dc3pp_cn\dc3wy\dc3pp.obj
c:\users\itsukezigen\desktop\dc3pp_cn\dc3pp_cn\dc3wy\beaengine.obj
d:\vsproject\dc3pp_cn\dc3wy\dc3pp_cn.lib
d:\vsproject\dc3pp_cn\dc3wy\dc3pp_cn.exp
d:\vsproject\dc3pp_cn\dc3wy\dc3pp_cn.ipdb
d:\vsproject\dc3pp_cn\dc3wy\dc3pp_cn.iobj
d:\vsproject\dc3pp_cn\dc3wy\cokezige.lib
d:\vsproject\dc3pp_cn\dc3wy\cokezige.exp
d:\vsproject\dc3pp_cn\dc3wy\cokezige.ipdb
d:\vsproject\dc3pp_cn\dc3wy\cokezige.iobj
d:\vsproject\dc3pp_cn\dc3wy\cokezige.dll
c:\users\itsukezigen\desktop\dc3pp_cn\dc3wy\cokezige.dll
c:\users\itsukezigen\desktop\dc3pp_cn\dc3wy\cokezige.lib
c:\users\itsukezigen\desktop\dc3pp_cn\dc3wy\cokezige.exp
c:\users\itsukezigen\desktop\dc3pp_cn\dc3pp_cn\dc3wy\cokezige.ipdb
c:\users\itsukezigen\desktop\dc3pp_cn\dc3pp_cn\dc3wy\cokezige.iobj
c:\users\itsukezigen\desktop\dc3pp_cn\dc3pp_cn\dc3wy\vc141.pdb
c:\users\itsukezigen\desktop\dc3pp_cn\dc3pp_cn\dc3wy\dc3pp_cn.tlog\cl.command.1.tlog
c:\users\itsukezigen\desktop\dc3pp_cn\dc3pp_cn\dc3wy\dc3pp_cn.tlog\cl.read.1.tlog
c:\users\itsukezigen\desktop\dc3pp_cn\dc3pp_cn\dc3wy\dc3pp_cn.tlog\cl.write.1.tlog
c:\users\itsukezigen\desktop\dc3pp_cn\dc3pp_cn\dc3wy\dc3pp_cn.tlog\dc3pp_cn.write.1u.tlog
c:\users\itsukezigen\desktop\dc3pp_cn\dc3pp_cn\dc3wy\dc3pp_cn.tlog\link.command.1.tlog
c:\users\itsukezigen\desktop\dc3pp_cn\dc3pp_cn\dc3wy\dc3pp_cn.tlog\link.read.1.tlog
c:\users\itsukezigen\desktop\dc3pp_cn\dc3pp_cn\dc3wy\dc3pp_cn.tlog\link.secondary.1.tlog
c:\users\itsukezigen\desktop\dc3pp_cn\dc3pp_cn\dc3wy\dc3pp_cn.tlog\link.write.1.tlog
